/home/rishubhp/miniconda3/envs/contwords/lib/python3.9/site-packages/torchvision/io/image.py:13: UserWarning: Failed to load image Python extension: '/home/rishubhp/miniconda3/envs/contwords/lib/python3.9/site-packages/torchvision/image.so: undefined symbol: _ZN3c1017RegisterOperatorsD1Ev'If you don't plan on using image functionality from `torchvision.io`, you can ignore this warning. Otherwise, there might be something wrong with your environment. Did you have `libjpeg` or `libpng` installed before building `torchvision` from source?
  warn(
/home/rishubhp/miniconda3/envs/contwords/lib/python3.9/site-packages/torchvision/io/image.py:13: UserWarning: Failed to load image Python extension: '/home/rishubhp/miniconda3/envs/contwords/lib/python3.9/site-packages/torchvision/image.so: undefined symbol: _ZN3c1017RegisterOperatorsD1Ev'If you don't plan on using image functionality from `torchvision.io`, you can ignore this warning. Otherwise, there might be something wrong with your environment. Did you have `libjpeg` or `libpng` installed before building `torchvision` from source?
  warn(
/home/rishubhp/miniconda3/envs/contwords/lib/python3.9/site-packages/torchvision/io/image.py:13: UserWarning: Failed to load image Python extension: '/home/rishubhp/miniconda3/envs/contwords/lib/python3.9/site-packages/torchvision/image.so: undefined symbol: _ZN3c1017RegisterOperatorsD1Ev'If you don't plan on using image functionality from `torchvision.io`, you can ignore this warning. Otherwise, there might be something wrong with your environment. Did you have `libjpeg` or `libpng` installed before building `torchvision` from source?
  warn(
/home/rishubhp/miniconda3/envs/contwords/lib/python3.9/site-packages/torchvision/io/image.py:13: UserWarning: Failed to load image Python extension: '/home/rishubhp/miniconda3/envs/contwords/lib/python3.9/site-packages/torchvision/image.so: undefined symbol: _ZN3c1017RegisterOperatorsD1Ev'If you don't plan on using image functionality from `torchvision.io`, you can ignore this warning. Otherwise, there might be something wrong with your environment. Did you have `libjpeg` or `libpng` installed before building `torchvision` from source?
  warn(
/home/rishubhp/miniconda3/envs/contwords/lib/python3.9/site-packages/torchvision/io/image.py:13: UserWarning: Failed to load image Python extension: '/home/rishubhp/miniconda3/envs/contwords/lib/python3.9/site-packages/torchvision/image.so: undefined symbol: _ZN3c1017RegisterOperatorsD1Ev'If you don't plan on using image functionality from `torchvision.io`, you can ignore this warning. Otherwise, there might be something wrong with your environment. Did you have `libjpeg` or `libpng` installed before building `torchvision` from source?
  warn(
/home/rishubhp/miniconda3/envs/contwords/lib/python3.9/site-packages/torchvision/io/image.py:13: UserWarning: Failed to load image Python extension: '/home/rishubhp/miniconda3/envs/contwords/lib/python3.9/site-packages/torchvision/image.so: undefined symbol: _ZN3c1017RegisterOperatorsD1Ev'If you don't plan on using image functionality from `torchvision.io`, you can ignore this warning. Otherwise, there might be something wrong with your environment. Did you have `libjpeg` or `libpng` installed before building `torchvision` from source?
  warn(
/home/rishubhp/miniconda3/envs/contwords/lib/python3.9/site-packages/torchvision/io/image.py:13: UserWarning: Failed to load image Python extension: '/home/rishubhp/miniconda3/envs/contwords/lib/python3.9/site-packages/torchvision/image.so: undefined symbol: _ZN3c1017RegisterOperatorsD1Ev'If you don't plan on using image functionality from `torchvision.io`, you can ignore this warning. Otherwise, there might be something wrong with your environment. Did you have `libjpeg` or `libpng` installed before building `torchvision` from source?
  warn(
/home/rishubhp/miniconda3/envs/contwords/lib/python3.9/site-packages/torchvision/io/image.py:13: UserWarning: Failed to load image Python extension: '/home/rishubhp/miniconda3/envs/contwords/lib/python3.9/site-packages/torchvision/image.so: undefined symbol: _ZN3c1017RegisterOperatorsD1Ev'If you don't plan on using image functionality from `torchvision.io`, you can ignore this warning. Otherwise, there might be something wrong with your environment. Did you have `libjpeg` or `libpng` installed before building `torchvision` from source?
  warn(
/home/rishubhp/miniconda3/envs/contwords/lib/python3.9/site-packages/xformers/ops/fmha/flash.py:211: FutureWarning: `torch.library.impl_abstract` was renamed to `torch.library.register_fake`. Please use that instead; we will remove `torch.library.impl_abstract` in a future version of PyTorch.
  @torch.library.impl_abstract("xformers_flash::flash_fwd")
/home/rishubhp/miniconda3/envs/contwords/lib/python3.9/site-packages/xformers/ops/fmha/flash.py:211: FutureWarning: `torch.library.impl_abstract` was renamed to `torch.library.register_fake`. Please use that instead; we will remove `torch.library.impl_abstract` in a future version of PyTorch.
  @torch.library.impl_abstract("xformers_flash::flash_fwd")
/home/rishubhp/miniconda3/envs/contwords/lib/python3.9/site-packages/xformers/ops/fmha/flash.py:211: FutureWarning: `torch.library.impl_abstract` was renamed to `torch.library.register_fake`. Please use that instead; we will remove `torch.library.impl_abstract` in a future version of PyTorch.
  @torch.library.impl_abstract("xformers_flash::flash_fwd")
/home/rishubhp/miniconda3/envs/contwords/lib/python3.9/site-packages/xformers/ops/fmha/flash.py:211: FutureWarning: `torch.library.impl_abstract` was renamed to `torch.library.register_fake`. Please use that instead; we will remove `torch.library.impl_abstract` in a future version of PyTorch.
  @torch.library.impl_abstract("xformers_flash::flash_fwd")
/home/rishubhp/miniconda3/envs/contwords/lib/python3.9/site-packages/xformers/ops/fmha/flash.py:211: FutureWarning: `torch.library.impl_abstract` was renamed to `torch.library.register_fake`. Please use that instead; we will remove `torch.library.impl_abstract` in a future version of PyTorch.
  @torch.library.impl_abstract("xformers_flash::flash_fwd")
/home/rishubhp/miniconda3/envs/contwords/lib/python3.9/site-packages/xformers/ops/fmha/flash.py:211: FutureWarning: `torch.library.impl_abstract` was renamed to `torch.library.register_fake`. Please use that instead; we will remove `torch.library.impl_abstract` in a future version of PyTorch.
  @torch.library.impl_abstract("xformers_flash::flash_fwd")
/home/rishubhp/miniconda3/envs/contwords/lib/python3.9/site-packages/xformers/ops/fmha/flash.py:211: FutureWarning: `torch.library.impl_abstract` was renamed to `torch.library.register_fake`. Please use that instead; we will remove `torch.library.impl_abstract` in a future version of PyTorch.
  @torch.library.impl_abstract("xformers_flash::flash_fwd")
/home/rishubhp/miniconda3/envs/contwords/lib/python3.9/site-packages/xformers/ops/fmha/flash.py:344: FutureWarning: `torch.library.impl_abstract` was renamed to `torch.library.register_fake`. Please use that instead; we will remove `torch.library.impl_abstract` in a future version of PyTorch.
  @torch.library.impl_abstract("xformers_flash::flash_bwd")
/home/rishubhp/miniconda3/envs/contwords/lib/python3.9/site-packages/xformers/ops/fmha/flash.py:344: FutureWarning: `torch.library.impl_abstract` was renamed to `torch.library.register_fake`. Please use that instead; we will remove `torch.library.impl_abstract` in a future version of PyTorch.
  @torch.library.impl_abstract("xformers_flash::flash_bwd")
/home/rishubhp/miniconda3/envs/contwords/lib/python3.9/site-packages/xformers/ops/fmha/flash.py:344: FutureWarning: `torch.library.impl_abstract` was renamed to `torch.library.register_fake`. Please use that instead; we will remove `torch.library.impl_abstract` in a future version of PyTorch.
  @torch.library.impl_abstract("xformers_flash::flash_bwd")
/home/rishubhp/miniconda3/envs/contwords/lib/python3.9/site-packages/xformers/ops/fmha/flash.py:344: FutureWarning: `torch.library.impl_abstract` was renamed to `torch.library.register_fake`. Please use that instead; we will remove `torch.library.impl_abstract` in a future version of PyTorch.
  @torch.library.impl_abstract("xformers_flash::flash_bwd")
/home/rishubhp/miniconda3/envs/contwords/lib/python3.9/site-packages/xformers/ops/fmha/flash.py:344: FutureWarning: `torch.library.impl_abstract` was renamed to `torch.library.register_fake`. Please use that instead; we will remove `torch.library.impl_abstract` in a future version of PyTorch.
  @torch.library.impl_abstract("xformers_flash::flash_bwd")
/home/rishubhp/miniconda3/envs/contwords/lib/python3.9/site-packages/xformers/ops/fmha/flash.py:344: FutureWarning: `torch.library.impl_abstract` was renamed to `torch.library.register_fake`. Please use that instead; we will remove `torch.library.impl_abstract` in a future version of PyTorch.
  @torch.library.impl_abstract("xformers_flash::flash_bwd")
/home/rishubhp/miniconda3/envs/contwords/lib/python3.9/site-packages/xformers/ops/fmha/flash.py:344: FutureWarning: `torch.library.impl_abstract` was renamed to `torch.library.register_fake`. Please use that instead; we will remove `torch.library.impl_abstract` in a future version of PyTorch.
  @torch.library.impl_abstract("xformers_flash::flash_bwd")
/home/rishubhp/miniconda3/envs/contwords/lib/python3.9/site-packages/huggingface_hub/file_download.py:1150: FutureWarning: `resume_download` is deprecated and will be removed in version 1.0.0. Downloads always resume when possible. If you want to force a new download, use `force_download=True`.
  warnings.warn(
/home/rishubhp/miniconda3/envs/contwords/lib/python3.9/site-packages/huggingface_hub/file_download.py:1150: FutureWarning: `resume_download` is deprecated and will be removed in version 1.0.0. Downloads always resume when possible. If you want to force a new download, use `force_download=True`.
  warnings.warn(
/home/rishubhp/miniconda3/envs/contwords/lib/python3.9/site-packages/huggingface_hub/file_download.py:1150: FutureWarning: `resume_download` is deprecated and will be removed in version 1.0.0. Downloads always resume when possible. If you want to force a new download, use `force_download=True`.
  warnings.warn(
/home/rishubhp/miniconda3/envs/contwords/lib/python3.9/site-packages/huggingface_hub/file_download.py:1150: FutureWarning: `resume_download` is deprecated and will be removed in version 1.0.0. Downloads always resume when possible. If you want to force a new download, use `force_download=True`.
  warnings.warn(
/home/rishubhp/miniconda3/envs/contwords/lib/python3.9/site-packages/huggingface_hub/file_download.py:1150: FutureWarning: `resume_download` is deprecated and will be removed in version 1.0.0. Downloads always resume when possible. If you want to force a new download, use `force_download=True`.
  warnings.warn(
/home/rishubhp/miniconda3/envs/contwords/lib/python3.9/site-packages/huggingface_hub/file_download.py:1150: FutureWarning: `resume_download` is deprecated and will be removed in version 1.0.0. Downloads always resume when possible. If you want to force a new download, use `force_download=True`.
  warnings.warn(
/home/rishubhp/vaibhav/meesho-project/training_scripts/infer_online_2subjects.py:420: FutureWarning: You are using `torch.load` with `weights_only=False` (the current default value), which uses the default pickle module implicitly. It is possible to construct malicious pickle data which will execute arbitrary code during unpickling (See https://github.com/pytorch/pytorch/blob/main/SECURITY.md#untrusted-models for more details). In a future release, the default value for `weights_only` will be flipped to `True`. This limits the functions that could be executed during unpickling. Arbitrary objects will no longer be allowed to be loaded via this mode unless they are explicitly allowlisted by the user via `torch.serialization.add_safe_globals`. We recommend you start setting `weights_only=True` for any use case where you don't have full control of the loaded file. Please open an issue on GitHub for any issues related to this experimental feature.
  training_state = torch.load(training_state_path)
/home/rishubhp/vaibhav/meesho-project/training_scripts/infer_online_2subjects.py:420: FutureWarning: You are using `torch.load` with `weights_only=False` (the current default value), which uses the default pickle module implicitly. It is possible to construct malicious pickle data which will execute arbitrary code during unpickling (See https://github.com/pytorch/pytorch/blob/main/SECURITY.md#untrusted-models for more details). In a future release, the default value for `weights_only` will be flipped to `True`. This limits the functions that could be executed during unpickling. Arbitrary objects will no longer be allowed to be loaded via this mode unless they are explicitly allowlisted by the user via `torch.serialization.add_safe_globals`. We recommend you start setting `weights_only=True` for any use case where you don't have full control of the loaded file. Please open an issue on GitHub for any issues related to this experimental feature.
  training_state = torch.load(training_state_path)
/home/rishubhp/vaibhav/meesho-project/training_scripts/infer_online_2subjects.py:420: FutureWarning: You are using `torch.load` with `weights_only=False` (the current default value), which uses the default pickle module implicitly. It is possible to construct malicious pickle data which will execute arbitrary code during unpickling (See https://github.com/pytorch/pytorch/blob/main/SECURITY.md#untrusted-models for more details). In a future release, the default value for `weights_only` will be flipped to `True`. This limits the functions that could be executed during unpickling. Arbitrary objects will no longer be allowed to be loaded via this mode unless they are explicitly allowlisted by the user via `torch.serialization.add_safe_globals`. We recommend you start setting `weights_only=True` for any use case where you don't have full control of the loaded file. Please open an issue on GitHub for any issues related to this experimental feature.
  training_state = torch.load(training_state_path)
/home/rishubhp/vaibhav/meesho-project/training_scripts/infer_online_2subjects.py:420: FutureWarning: You are using `torch.load` with `weights_only=False` (the current default value), which uses the default pickle module implicitly. It is possible to construct malicious pickle data which will execute arbitrary code during unpickling (See https://github.com/pytorch/pytorch/blob/main/SECURITY.md#untrusted-models for more details). In a future release, the default value for `weights_only` will be flipped to `True`. This limits the functions that could be executed during unpickling. Arbitrary objects will no longer be allowed to be loaded via this mode unless they are explicitly allowlisted by the user via `torch.serialization.add_safe_globals`. We recommend you start setting `weights_only=True` for any use case where you don't have full control of the loaded file. Please open an issue on GitHub for any issues related to this experimental feature.
  training_state = torch.load(training_state_path)
/home/rishubhp/vaibhav/meesho-project/training_scripts/infer_online_2subjects.py:420: FutureWarning: You are using `torch.load` with `weights_only=False` (the current default value), which uses the default pickle module implicitly. It is possible to construct malicious pickle data which will execute arbitrary code during unpickling (See https://github.com/pytorch/pytorch/blob/main/SECURITY.md#untrusted-models for more details). In a future release, the default value for `weights_only` will be flipped to `True`. This limits the functions that could be executed during unpickling. Arbitrary objects will no longer be allowed to be loaded via this mode unless they are explicitly allowlisted by the user via `torch.serialization.add_safe_globals`. We recommend you start setting `weights_only=True` for any use case where you don't have full control of the loaded file. Please open an issue on GitHub for any issues related to this experimental feature.
  training_state = torch.load(training_state_path)
/home/rishubhp/vaibhav/meesho-project/training_scripts/infer_online_2subjects.py:420: FutureWarning: You are using `torch.load` with `weights_only=False` (the current default value), which uses the default pickle module implicitly. It is possible to construct malicious pickle data which will execute arbitrary code during unpickling (See https://github.com/pytorch/pytorch/blob/main/SECURITY.md#untrusted-models for more details). In a future release, the default value for `weights_only` will be flipped to `True`. This limits the functions that could be executed during unpickling. Arbitrary objects will no longer be allowed to be loaded via this mode unless they are explicitly allowlisted by the user via `torch.serialization.add_safe_globals`. We recommend you start setting `weights_only=True` for any use case where you don't have full control of the loaded file. Please open an issue on GitHub for any issues related to this experimental feature.
  training_state = torch.load(training_state_path)
/home/rishubhp/miniconda3/envs/contwords/lib/python3.9/site-packages/xformers/ops/fmha/flash.py:211: FutureWarning: `torch.library.impl_abstract` was renamed to `torch.library.register_fake`. Please use that instead; we will remove `torch.library.impl_abstract` in a future version of PyTorch.
  @torch.library.impl_abstract("xformers_flash::flash_fwd")
/home/rishubhp/miniconda3/envs/contwords/lib/python3.9/site-packages/xformers/ops/fmha/flash.py:344: FutureWarning: `torch.library.impl_abstract` was renamed to `torch.library.register_fake`. Please use that instead; we will remove `torch.library.impl_abstract` in a future version of PyTorch.
  @torch.library.impl_abstract("xformers_flash::flash_bwd")
/home/rishubhp/miniconda3/envs/contwords/lib/python3.9/site-packages/huggingface_hub/file_download.py:1150: FutureWarning: `resume_download` is deprecated and will be removed in version 1.0.0. Downloads always resume when possible. If you want to force a new download, use `force_download=True`.
  warnings.warn(
/home/rishubhp/miniconda3/envs/contwords/lib/python3.9/site-packages/huggingface_hub/file_download.py:1150: FutureWarning: `resume_download` is deprecated and will be removed in version 1.0.0. Downloads always resume when possible. If you want to force a new download, use `force_download=True`.
  warnings.warn(
/home/rishubhp/vaibhav/meesho-project/training_scripts/infer_online_2subjects.py:420: FutureWarning: You are using `torch.load` with `weights_only=False` (the current default value), which uses the default pickle module implicitly. It is possible to construct malicious pickle data which will execute arbitrary code during unpickling (See https://github.com/pytorch/pytorch/blob/main/SECURITY.md#untrusted-models for more details). In a future release, the default value for `weights_only` will be flipped to `True`. This limits the functions that could be executed during unpickling. Arbitrary objects will no longer be allowed to be loaded via this mode unless they are explicitly allowlisted by the user via `torch.serialization.add_safe_globals`. We recommend you start setting `weights_only=True` for any use case where you don't have full control of the loaded file. Please open an issue on GitHub for any issues related to this experimental feature.
  training_state = torch.load(training_state_path)
/home/rishubhp/vaibhav/meesho-project/training_scripts/infer_online_2subjects.py:420: FutureWarning: You are using `torch.load` with `weights_only=False` (the current default value), which uses the default pickle module implicitly. It is possible to construct malicious pickle data which will execute arbitrary code during unpickling (See https://github.com/pytorch/pytorch/blob/main/SECURITY.md#untrusted-models for more details). In a future release, the default value for `weights_only` will be flipped to `True`. This limits the functions that could be executed during unpickling. Arbitrary objects will no longer be allowed to be loaded via this mode unless they are explicitly allowlisted by the user via `torch.serialization.add_safe_globals`. We recommend you start setting `weights_only=True` for any use case where you don't have full control of the loaded file. Please open an issue on GitHub for any issues related to this experimental feature.
  training_state = torch.load(training_state_path)
azimuth = 0.0
a photo of a bnha and a sks in a garden
a photo of a bnha and a sks in a garden
a photo of a bnha and a sks in a garden
a photo of a bnha and a sks in a garden
a photo of a bnha and a sks in a garden
a photo of a bnha and a sks in a garden
a photo of a bnha and a sks in a garden
a photo of a bnha and a sks in a garden
a photo of a bnha and a sks in a garden
a photo of a bnha and a sks in a garden
a photo of a bnha and a sks in a garden
a photo of a bnha and a sks in a garden
a photo of a bnha and a sks in a garden
a photo of a bnha and a sks in a garden
a photo of a bnha and a sks in a garden
a photo of a bnha and a sks in a garden
a photo of a bnha and a sks in a garden
a photo of a bnha and a sks in a garden
a photo of a bnha and a sks in a garden
a photo of a bnha and a sks in a garden
azimuth = 0.05555555555555555
a photo of a bnha and a sks in a garden
a photo of a bnha and a sks in a garden
a photo of a bnha and a sks in a garden
a photo of a bnha and a sks in a garden
a photo of a bnha and a sks in a garden
a photo of a bnha and a sks in a garden
a photo of a bnha and a sks in a garden
a photo of a bnha and a sks in a garden
a photo of a bnha and a sks in a garden
a photo of a bnha and a sks in a garden
a photo of a bnha and a sks in a garden
a photo of a bnha and a sks in a garden
a photo of a bnha and a sks in a garden
a photo of a bnha and a sks in a garden
a photo of a bnha and a sks in a garden
a photo of a bnha and a sks in a garden
a photo of a bnha and a sks in a garden
a photo of a bnha and a sks in a garden
a photo of a bnha and a sks in a garden
a photo of a bnha and a sks in a garden
a photo of a bnha and a sks in a garden
a photo of a bnha and a sks in a garden
a photo of a bnha and a sks in a garden
azimuth = 0.1111111111111111
a photo of a bnha and a sks in a garden
a photo of a bnha and a sks in a garden
a photo of a bnha and a sks in a garden
a photo of a bnha and a sks in a garden
a photo of a bnha and a sks in a garden
a photo of a bnha and a sks in a garden
a photo of a bnha and a sks in a garden
a photo of a bnha and a sks in a garden
a photo of a bnha and a sks in a garden
a photo of a bnha and a sks in a garden
a photo of a bnha and a sks in a garden
a photo of a bnha and a sks in a garden
a photo of a bnha and a sks in a garden
a photo of a bnha and a sks in a garden
a photo of a bnha and a sks in a garden
a photo of a bnha and a sks in a garden
a photo of a bnha and a sks in a garden
a photo of a bnha and a sks in a garden
a photo of a bnha and a sks in a garden
a photo of a bnha and a sks in a garden
a photo of a bnha and a sks in a garden
a photo of a bnha and a sks in a garden
azimuth = 0.16666666666666666
a photo of a bnha and a sks in a garden
a photo of a bnha and a sks in a garden
a photo of a bnha and a sks in a garden
a photo of a bnha and a sks in a garden
a photo of a bnha and a sks in a garden
a photo of a bnha and a sks in a garden
a photo of a bnha and a sks in a garden
a photo of a bnha and a sks in a garden
a photo of a bnha and a sks in a garden
a photo of a bnha and a sks in a garden
a photo of a bnha and a sks in a garden
a photo of a bnha and a sks in a garden
a photo of a bnha and a sks in a garden
a photo of a bnha and a sks in a garden
a photo of a bnha and a sks in a garden
a photo of a bnha and a sks in a garden
a photo of a bnha and a sks in a garden
a photo of a bnha and a sks in a garden
a photo of a bnha and a sks in a garden
a photo of a bnha and a sks in a garden
a photo of a bnha and a sks in a garden
a photo of a bnha and a sks in a garden
a photo of a bnha and a sks in a garden
azimuth = 0.2222222222222222
a photo of a bnha and a sks in a garden
a photo of a bnha and a sks in a garden
a photo of a bnha and a sks in a garden
a photo of a bnha and a sks in a garden
a photo of a bnha and a sks in a garden
a photo of a bnha and a sks in a garden
a photo of a bnha and a sks in a garden
a photo of a bnha and a sks in a garden
a photo of a bnha and a sks in a garden
a photo of a bnha and a sks in a garden
a photo of a bnha and a sks in a garden
a photo of a bnha and a sks in a garden
a photo of a bnha and a sks in a garden
a photo of a bnha and a sks in a garden
a photo of a bnha and a sks in a garden
a photo of a bnha and a sks in a garden
a photo of a bnha and a sks in a garden
a photo of a bnha and a sks in a garden
a photo of a bnha and a sks in a garden
a photo of a bnha and a sks in a garden
a photo of a bnha and a sks in a garden
a photo of a bnha and a sks in a garden
azimuth = 0.2777777777777778
a photo of a bnha and a sks in a garden
a photo of a bnha and a sks in a garden
a photo of a bnha and a sks in a garden
a photo of a bnha and a sks in a garden
a photo of a bnha and a sks in a garden
a photo of a bnha and a sks in a garden
a photo of a bnha and a sks in a garden
a photo of a bnha and a sks in a garden
a photo of a bnha and a sks in a garden
a photo of a bnha and a sks in a garden
a photo of a bnha and a sks in a garden
a photo of a bnha and a sks in a garden
a photo of a bnha and a sks in a garden
a photo of a bnha and a sks in a garden
a photo of a bnha and a sks in a garden
a photo of a bnha and a sks in a garden
a photo of a bnha and a sks in a garden
a photo of a bnha and a sks in a garden
a photo of a bnha and a sks in a garden
a photo of a bnha and a sks in a garden
a photo of a bnha and a sks in a garden
a photo of a bnha and a sks in a garden
a photo of a bnha and a sks in a garden
a photo of a bnha and a sks in a garden
azimuth = 0.3333333333333333
a photo of a bnha and a sks in a garden
a photo of a bnha and a sks in a garden
a photo of a bnha and a sks in a garden
a photo of a bnha and a sks in a garden
a photo of a bnha and a sks in a garden
a photo of a bnha and a sks in a garden
a photo of a bnha and a sks in a garden
a photo of a bnha and a sks in a garden
a photo of a bnha and a sks in a garden
a photo of a bnha and a sks in a garden
a photo of a bnha and a sks in a garden
a photo of a bnha and a sks in a garden
a photo of a bnha and a sks in a garden
a photo of a bnha and a sks in a garden
a photo of a bnha and a sks in a garden
a photo of a bnha and a sks in a garden
a photo of a bnha and a sks in a garden
a photo of a bnha and a sks in a garden
a photo of a bnha and a sks in a garden
a photo of a bnha and a sks in a garden
a photo of a bnha and a sks in a garden
a photo of a bnha and a sks in a garden
azimuth = 0.3888888888888889
a photo of a bnha and a sks in a garden
a photo of a bnha and a sks in a garden
a photo of a bnha and a sks in a garden
a photo of a bnha and a sks in a garden
a photo of a bnha and a sks in a garden
a photo of a bnha and a sks in a garden
a photo of a bnha and a sks in a garden
a photo of a bnha and a sks in a garden
a photo of a bnha and a sks in a garden
a photo of a bnha and a sks in a garden
a photo of a bnha and a sks in a garden
a photo of a bnha and a sks in a garden
a photo of a bnha and a sks in a garden
a photo of a bnha and a sks in a garden
a photo of a bnha and a sks in a garden
a photo of a bnha and a sks in a garden
a photo of a bnha and a sks in a garden
a photo of a bnha and a sks in a garden
a photo of a bnha and a sks in a garden
a photo of a bnha and a sks in a garden
a photo of a bnha and a sks in a garden
a photo of a bnha and a sks in a garden
a photo of a bnha and a sks in a garden
a photo of a bnha and a sks in a garden
azimuth = 0.4444444444444444
a photo of a bnha and a sks in a garden
a photo of a bnha and a sks in a garden
a photo of a bnha and a sks in a garden
a photo of a bnha and a sks in a garden
a photo of a bnha and a sks in a garden
a photo of a bnha and a sks in a garden
a photo of a bnha and a sks in a garden
a photo of a bnha and a sks in a garden
a photo of a bnha and a sks in a garden
a photo of a bnha and a sks in a garden
a photo of a bnha and a sks in a garden
a photo of a bnha and a sks in a garden
a photo of a bnha and a sks in a garden
a photo of a bnha and a sks in a garden
a photo of a bnha and a sks in a garden
a photo of a bnha and a sks in a garden
a photo of a bnha and a sks in a garden
a photo of a bnha and a sks in a garden
a photo of a bnha and a sks in a garden
a photo of a bnha and a sks in a garden
a photo of a bnha and a sks in a garden
azimuth = 0.5
a photo of a bnha and a sks in a garden
a photo of a bnha and a sks in a garden
a photo of a bnha and a sks in a garden
a photo of a bnha and a sks in a garden
a photo of a bnha and a sks in a garden
a photo of a bnha and a sks in a garden
a photo of a bnha and a sks in a garden
a photo of a bnha and a sks in a garden
a photo of a bnha and a sks in a garden
a photo of a bnha and a sks in a garden
a photo of a bnha and a sks in a garden
a photo of a bnha and a sks in a garden
a photo of a bnha and a sks in a garden
a photo of a bnha and a sks in a garden
a photo of a bnha and a sks in a garden
a photo of a bnha and a sks in a garden
a photo of a bnha and a sks in a garden
a photo of a bnha and a sks in a garden
a photo of a bnha and a sks in a garden
a photo of a bnha and a sks in a garden
a photo of a bnha and a sks in a garden
a photo of a bnha and a sks in a garden
a photo of a bnha and a sks in a garden
a photo of a bnha and a sks in a garden
azimuth = 0.5555555555555556
a photo of a bnha and a sks in a garden
a photo of a bnha and a sks in a garden
a photo of a bnha and a sks in a garden
a photo of a bnha and a sks in a garden
a photo of a bnha and a sks in a garden
a photo of a bnha and a sks in a garden
a photo of a bnha and a sks in a garden
a photo of a bnha and a sks in a garden
a photo of a bnha and a sks in a garden
a photo of a bnha and a sks in a garden
a photo of a bnha and a sks in a garden
a photo of a bnha and a sks in a garden
a photo of a bnha and a sks in a garden
a photo of a bnha and a sks in a garden
a photo of a bnha and a sks in a garden
a photo of a bnha and a sks in a garden
a photo of a bnha and a sks in a garden
a photo of a bnha and a sks in a garden
a photo of a bnha and a sks in a garden
a photo of a bnha and a sks in a garden
a photo of a bnha and a sks in a garden
a photo of a bnha and a sks in a garden
azimuth = 0.6111111111111112
a photo of a bnha and a sks in a garden
a photo of a bnha and a sks in a garden
a photo of a bnha and a sks in a garden
a photo of a bnha and a sks in a garden
a photo of a bnha and a sks in a garden
a photo of a bnha and a sks in a garden
a photo of a bnha and a sks in a garden
a photo of a bnha and a sks in a garden
a photo of a bnha and a sks in a garden
a photo of a bnha and a sks in a garden
a photo of a bnha and a sks in a garden
a photo of a bnha and a sks in a garden
a photo of a bnha and a sks in a garden
a photo of a bnha and a sks in a garden
a photo of a bnha and a sks in a garden
a photo of a bnha and a sks in a garden
a photo of a bnha and a sks in a garden
a photo of a bnha and a sks in a garden
a photo of a bnha and a sks in a garden
a photo of a bnha and a sks in a garden
a photo of a bnha and a sks in a garden
a photo of a bnha and a sks in a garden
azimuth = 0.6666666666666666
a photo of a bnha and a sks in a garden
a photo of a bnha and a sks in a garden
a photo of a bnha and a sks in a garden
a photo of a bnha and a sks in a garden
a photo of a bnha and a sks in a garden
a photo of a bnha and a sks in a garden
a photo of a bnha and a sks in a garden
a photo of a bnha and a sks in a garden
a photo of a bnha and a sks in a garden
a photo of a bnha and a sks in a gardena photo of a bnha and a sks in a garden

a photo of a bnha and a sks in a garden
a photo of a bnha and a sks in a garden
a photo of a bnha and a sks in a garden
a photo of a bnha and a sks in a garden
a photo of a bnha and a sks in a garden
a photo of a bnha and a sks in a garden
a photo of a bnha and a sks in a garden
a photo of a bnha and a sks in a garden
a photo of a bnha and a sks in a garden
a photo of a bnha and a sks in a garden
a photo of a bnha and a sks in a garden
azimuth = 0.7222222222222222
a photo of a bnha and a sks in a garden
a photo of a bnha and a sks in a garden
a photo of a bnha and a sks in a garden
a photo of a bnha and a sks in a garden
a photo of a bnha and a sks in a garden
a photo of a bnha and a sks in a garden
a photo of a bnha and a sks in a garden
a photo of a bnha and a sks in a garden
a photo of a bnha and a sks in a garden
a photo of a bnha and a sks in a garden
a photo of a bnha and a sks in a garden
a photo of a bnha and a sks in a garden
a photo of a bnha and a sks in a garden
a photo of a bnha and a sks in a garden
a photo of a bnha and a sks in a garden
a photo of a bnha and a sks in a garden
a photo of a bnha and a sks in a garden
a photo of a bnha and a sks in a garden
a photo of a bnha and a sks in a garden
a photo of a bnha and a sks in a garden
a photo of a bnha and a sks in a garden
a photo of a bnha and a sks in a garden
a photo of a bnha and a sks in a garden
azimuth = 0.7777777777777778
a photo of a bnha and a sks in a garden
a photo of a bnha and a sks in a garden
a photo of a bnha and a sks in a garden
a photo of a bnha and a sks in a garden
a photo of a bnha and a sks in a garden
a photo of a bnha and a sks in a garden
a photo of a bnha and a sks in a garden
a photo of a bnha and a sks in a garden
a photo of a bnha and a sks in a garden
a photo of a bnha and a sks in a garden
a photo of a bnha and a sks in a garden
a photo of a bnha and a sks in a garden
a photo of a bnha and a sks in a garden
a photo of a bnha and a sks in a garden
a photo of a bnha and a sks in a garden
a photo of a bnha and a sks in a garden
a photo of a bnha and a sks in a garden
a photo of a bnha and a sks in a garden
a photo of a bnha and a sks in a garden
a photo of a bnha and a sks in a garden
a photo of a bnha and a sks in a garden
a photo of a bnha and a sks in a garden
a photo of a bnha and a sks in a garden
a photo of a bnha and a sks in a garden
azimuth = 0.8333333333333334
a photo of a bnha and a sks in a garden
a photo of a bnha and a sks in a garden
a photo of a bnha and a sks in a garden
a photo of a bnha and a sks in a garden
a photo of a bnha and a sks in a garden
a photo of a bnha and a sks in a garden
a photo of a bnha and a sks in a garden
a photo of a bnha and a sks in a garden
a photo of a bnha and a sks in a garden
a photo of a bnha and a sks in a garden
a photo of a bnha and a sks in a garden
a photo of a bnha and a sks in a garden
a photo of a bnha and a sks in a garden
a photo of a bnha and a sks in a garden
a photo of a bnha and a sks in a garden
a photo of a bnha and a sks in a garden
a photo of a bnha and a sks in a garden
a photo of a bnha and a sks in a garden
a photo of a bnha and a sks in a garden
a photo of a bnha and a sks in a garden
a photo of a bnha and a sks in a garden
a photo of a bnha and a sks in a garden
azimuth = 0.8888888888888888
a photo of a bnha and a sks in a garden
a photo of a bnha and a sks in a garden
a photo of a bnha and a sks in a garden
a photo of a bnha and a sks in a garden
a photo of a bnha and a sks in a garden
a photo of a bnha and a sks in a garden
a photo of a bnha and a sks in a garden
a photo of a bnha and a sks in a garden
a photo of a bnha and a sks in a garden
a photo of a bnha and a sks in a garden
a photo of a bnha and a sks in a garden
a photo of a bnha and a sks in a garden
a photo of a bnha and a sks in a garden
a photo of a bnha and a sks in a garden
a photo of a bnha and a sks in a garden
a photo of a bnha and a sks in a garden
a photo of a bnha and a sks in a garden
a photo of a bnha and a sks in a garden
a photo of a bnha and a sks in a garden
a photo of a bnha and a sks in a garden
a photo of a bnha and a sks in a garden
a photo of a bnha and a sks in a garden
azimuth = 0.9444444444444444
a photo of a bnha and a sks in a garden
a photo of a bnha and a sks in a garden
a photo of a bnha and a sks in a garden
a photo of a bnha and a sks in a garden
a photo of a bnha and a sks in a garden
a photo of a bnha and a sks in a garden
a photo of a bnha and a sks in a garden
a photo of a bnha and a sks in a garden
a photo of a bnha and a sks in a garden
a photo of a bnha and a sks in a garden
a photo of a bnha and a sks in a garden
a photo of a bnha and a sks in a garden
a photo of a bnha and a sks in a garden
a photo of a bnha and a sks in a garden
a photo of a bnha and a sks in a garden
a photo of a bnha and a sks in a garden
a photo of a bnha and a sks in a garden
a photo of a bnha and a sks in a garden
a photo of a bnha and a sks in a garden
a photo of a bnha and a sks in a garden
a photo of a bnha and a sks in a garden
a photo of a bnha and a sks in a garden
a photo of a bnha and a sks in a garden
a photo of a bnha and a sks in a garden
a photo of a bnha and a sks in a garden
a photo of a bnha and a sks in a garden
a photo of a bnha and a sks in a garden
a photo of a bnha and a sks in a garden
a photo of a bnha and a sks in a garden
a photo of a bnha and a sks in a garden
a photo of a bnha and a sks in a garden
a photo of a bnha and a sks in a garden
a photo of a bnha and a sks in a garden
a photo of a bnha and a sks in a garden
a photo of a bnha and a sks in a garden
a photo of a bnha and a sks in a garden
a photo of a bnha and a sks in a garden
a photo of a bnha and a sks in a garden
a photo of a bnha and a sks in a garden
a photo of a bnha and a sks in a garden
a photo of a bnha and a sks in a garden
a photo of a bnha and a sks in a garden
a photo of a bnha and a sks in a garden
a photo of a bnha and a sks in a garden
a photo of a bnha and a sks in a garden
a photo of a bnha and a sks in a garden
a photo of a bnha and a sks in a garden
a photo of a bnha and a sks in a garden
a photo of a bnha and a sks in a garden
a photo of a bnha and a sks in a garden
every thread finished generating the encoder hidden states...
every thread finished preparing their dataloaders...
starting generation...
1 is doing ['tmp/bnha_dog/002.jpg', 'tmp/bnha_jeep/003.jpg', 'tmp/bnha_cat/003.jpg', 'tmp/bnha_dog/003.jpg', 'tmp/bnha_jeep/004.jpg', 'tmp/bnha_cat/004.jpg', 'tmp/bnha_dog/004.jpg', 'tmp/bnha_jeep/005.jpg']
6 is doing ['tmp/bnha_jeep/016.jpg', 'tmp/bnha_cat/016.jpg', 'tmp/bnha_dog/016.jpg', 'tmp/bnha_jeep/017.jpg', 'tmp/bnha_cat/017.jpg', 'tmp/bnha_dog/017.jpg', 'tmp/bnha_jeep/000.jpg', 'tmp/bnha_cat/000.jpg']
4 is doing ['tmp/bnha_dog/010.jpg', 'tmp/bnha_jeep/011.jpg', 'tmp/bnha_cat/011.jpg', 'tmp/bnha_dog/011.jpg', 'tmp/bnha_jeep/012.jpg', 'tmp/bnha_cat/012.jpg', 'tmp/bnha_dog/012.jpg', 'tmp/bnha_jeep/013.jpg']
0 is doing ['tmp/bnha_jeep/000.jpg', 'tmp/bnha_cat/000.jpg', 'tmp/bnha_dog/000.jpg', 'tmp/bnha_jeep/001.jpg', 'tmp/bnha_cat/001.jpg', 'tmp/bnha_dog/001.jpg', 'tmp/bnha_jeep/002.jpg', 'tmp/bnha_cat/002.jpg']
7 is doing ['tmp/bnha_dog/000.jpg', 'tmp/bnha_jeep/001.jpg', 'tmp/bnha_cat/001.jpg', 'tmp/bnha_dog/001.jpg', 'tmp/bnha_jeep/002.jpg', 'tmp/bnha_cat/002.jpg', 'tmp/bnha_dog/002.jpg', 'tmp/bnha_jeep/003.jpg']
3 is doing ['tmp/bnha_jeep/008.jpg', 'tmp/bnha_cat/008.jpg', 'tmp/bnha_dog/008.jpg', 'tmp/bnha_jeep/009.jpg', 'tmp/bnha_cat/009.jpg', 'tmp/bnha_dog/009.jpg', 'tmp/bnha_jeep/010.jpg', 'tmp/bnha_cat/010.jpg']
5 is doing ['tmp/bnha_cat/013.jpg', 'tmp/bnha_dog/013.jpg', 'tmp/bnha_jeep/014.jpg', 'tmp/bnha_cat/014.jpg', 'tmp/bnha_dog/014.jpg', 'tmp/bnha_jeep/015.jpg', 'tmp/bnha_cat/015.jpg', 'tmp/bnha_dog/015.jpg']
2 is doing ['tmp/bnha_cat/005.jpg', 'tmp/bnha_dog/005.jpg', 'tmp/bnha_jeep/006.jpg', 'tmp/bnha_cat/006.jpg', 'tmp/bnha_dog/006.jpg', 'tmp/bnha_jeep/007.jpg', 'tmp/bnha_cat/007.jpg', 'tmp/bnha_dog/007.jpg']
every thread finished their generation, now collecting them to form a gif...
removing tmp
a photo of a bnha and a sks in a garden
a photo of a bnha and a sks in a garden
a photo of a bnha and a sks in a garden
a photo of a bnha and a sks in a garden
a photo of a bnha and a sks in a garden
a photo of a bnha and a sks in a garden
a photo of a bnha and a sks in a garden
a photo of a bnha and a sks in a garden
a photo of a bnha and a sks in a garden
a photo of a bnha and a sks in a garden
a photo of a bnha and a sks in a garden
a photo of a bnha and a sks in a garden
a photo of a bnha and a sks in a garden
a photo of a bnha and a sks in a garden
a photo of a bnha and a sks in a garden
a photo of a bnha and a sks in a garden
a photo of a bnha and a sks in a garden
a photo of a bnha and a sks in a garden
a photo of a bnha and a sks in a garden
a photo of a bnha and a sks in a garden
a photo of a bnha and a sks in a garden
a photo of a bnha and a sks in a garden
a photo of a bnha and a sks in a garden
a photo of a bnha and a sks in a garden
a photo of a bnha and a sks in a garden
a photo of a bnha and a sks in a garden
a photo of a bnha and a sks in a garden
a photo of a bnha and a sks in a garden
a photo of a bnha and a sks in a garden
a photo of a bnha and a sks in a garden
a photo of a bnha and a sks in a garden
a photo of a bnha and a sks in a garden
a photo of a bnha and a sks in a garden
a photo of a bnha and a sks in a garden
a photo of a bnha and a sks in a garden
a photo of a bnha and a sks in a garden
a photo of a bnha and a sks in a garden
a photo of a bnha and a sks in a garden
a photo of a bnha and a sks in a garden
a photo of a bnha and a sks in a garden
a photo of a bnha and a sks in a garden
a photo of a bnha and a sks in a garden
a photo of a bnha and a sks in a garden
a photo of a bnha and a sks in a garden
a photo of a bnha and a sks in a garden
a photo of a bnha and a sks in a garden
a photo of a bnha and a sks in a garden
a photo of a bnha and a sks in a garden
a photo of a bnha and a sks in a garden
a photo of a bnha and a sks in a garden
a photo of a bnha and a sks in a garden
a photo of a bnha and a sks in a garden
a photo of a bnha and a sks in a garden
a photo of a bnha and a sks in a garden
a photo of a bnha and a sks in a garden
a photo of a bnha and a sks in a garden
a photo of a bnha and a sks in a garden
a photo of a bnha and a sks in a garden
a photo of a bnha and a sks in a garden
a photo of a bnha and a sks in a garden
a photo of a bnha and a sks in a garden
a photo of a bnha and a sks in a garden
a photo of a bnha and a sks in a garden
a photo of a bnha and a sks in a garden
a photo of a bnha and a sks in a garden
a photo of a bnha and a sks in a garden
a photo of a bnha and a sks in a garden
a photo of a bnha and a sks in a garden
a photo of a bnha and a sks in a garden
a photo of a bnha and a sks in a garden
a photo of a bnha and a sks in a garden
a photo of a bnha and a sks in a garden
a photo of a bnha and a sks in a garden
a photo of a bnha and a sks in a garden
a photo of a bnha and a sks in a garden
a photo of a bnha and a sks in a garden
a photo of a bnha and a sks in a garden
a photo of a bnha and a sks in a garden
a photo of a bnha and a sks in a garden
a photo of a bnha and a sks in a garden
a photo of a bnha and a sks in a garden
a photo of a bnha and a sks in a garden
a photo of a bnha and a sks in a garden
a photo of a bnha and a sks in a garden
a photo of a bnha and a sks in a garden
a photo of a bnha and a sks in a garden
a photo of a bnha and a sks in a garden
a photo of a bnha and a sks in a garden
a photo of a bnha and a sks in a garden
a photo of a bnha and a sks in a garden
a photo of a bnha and a sks in a garden
a photo of a bnha and a sks in a garden
a photo of a bnha and a sks in a garden
a photo of a bnha and a sks in a garden
a photo of a bnha and a sks in a garden
a photo of a bnha and a sks in a garden
a photo of a bnha and a sks in a garden
a photo of a bnha and a sks in a garden
a photo of a bnha and a sks in a garden
a photo of a bnha and a sks in a garden
a photo of a bnha and a sks in a garden
a photo of a bnha and a sks in a garden
a photo of a bnha and a sks in a garden
a photo of a bnha and a sks in a garden
a photo of a bnha and a sks in a garden
a photo of a bnha and a sks in a garden
a photo of a bnha and a sks in a garden
a photo of a bnha and a sks in a garden
a photo of a bnha and a sks in a garden
a photo of a bnha and a sks in a garden
a photo of a bnha and a sks in a garden
a photo of a bnha and a sks in a garden
a photo of a bnha and a sks in a garden
a photo of a bnha and a sks in a garden
a photo of a bnha and a sks in a garden
a photo of a bnha and a sks in a garden
a photo of a bnha and a sks in a garden
a photo of a bnha and a sks in a garden
a photo of a bnha and a sks in a garden
a photo of a bnha and a sks in a garden
a photo of a bnha and a sks in a garden
a photo of a bnha and a sks in a garden
azimuth = 0.0
a photo of a bnha and a sks in a garden
a photo of a bnha and a sks in a garden
a photo of a bnha and a sks in a garden
a photo of a bnha and a sks in a garden
a photo of a bnha and a sks in a garden
a photo of a bnha and a sks in a garden
a photo of a bnha and a sks in a garden
a photo of a bnha and a sks in a garden
a photo of a bnha and a sks in a garden
a photo of a bnha and a sks in a garden
a photo of a bnha and a sks in a garden
a photo of a bnha and a sks in a garden
a photo of a bnha and a sks in a garden
a photo of a bnha and a sks in a garden
a photo of a bnha and a sks in a garden
a photo of a bnha and a sks in a garden
a photo of a bnha and a sks in a garden
a photo of a bnha and a sks in a garden
a photo of a bnha and a sks in a garden
a photo of a bnha and a sks in a garden
a photo of a bnha and a sks in a garden
a photo of a bnha and a sks in a garden
a photo of a bnha and a sks in a garden
a photo of a bnha and a sks in a garden
a photo of a bnha and a sks in a garden
a photo of a bnha and a sks in a garden
a photo of a bnha and a sks in a garden
a photo of a bnha and a sks in a garden
a photo of a bnha and a sks in a garden
a photo of a bnha and a sks in a garden
azimuth = 0.05555555555555555
a photo of a bnha and a sks in a garden
a photo of a bnha and a sks in a garden
a photo of a bnha and a sks in a garden
a photo of a bnha and a sks in a garden
a photo of a bnha and a sks in a garden
a photo of a bnha and a sks in a garden
a photo of a bnha and a sks in a garden
a photo of a bnha and a sks in a garden
a photo of a bnha and a sks in a garden
a photo of a bnha and a sks in a garden
a photo of a bnha and a sks in a garden
a photo of a bnha and a sks in a garden
a photo of a bnha and a sks in a garden
a photo of a bnha and a sks in a garden
a photo of a bnha and a sks in a garden
a photo of a bnha and a sks in a garden
a photo of a bnha and a sks in a garden
a photo of a bnha and a sks in a garden
a photo of a bnha and a sks in a garden
a photo of a bnha and a sks in a garden
a photo of a bnha and a sks in a garden
a photo of a bnha and a sks in a garden
a photo of a bnha and a sks in a garden
a photo of a bnha and a sks in a garden
azimuth = 0.1111111111111111
a photo of a bnha and a sks in a garden
a photo of a bnha and a sks in a garden
a photo of a bnha and a sks in a garden
a photo of a bnha and a sks in a garden
a photo of a bnha and a sks in a garden
a photo of a bnha and a sks in a garden
a photo of a bnha and a sks in a garden
a photo of a bnha and a sks in a garden
a photo of a bnha and a sks in a garden
a photo of a bnha and a sks in a garden
a photo of a bnha and a sks in a garden
a photo of a bnha and a sks in a garden
a photo of a bnha and a sks in a garden
a photo of a bnha and a sks in a garden
a photo of a bnha and a sks in a garden
a photo of a bnha and a sks in a garden
a photo of a bnha and a sks in a garden
a photo of a bnha and a sks in a garden
a photo of a bnha and a sks in a garden
a photo of a bnha and a sks in a garden
a photo of a bnha and a sks in a garden
a photo of a bnha and a sks in a garden
azimuth = 0.16666666666666666
a photo of a bnha and a sks in a garden
a photo of a bnha and a sks in a garden
a photo of a bnha and a sks in a garden
a photo of a bnha and a sks in a garden
a photo of a bnha and a sks in a garden
a photo of a bnha and a sks in a garden
a photo of a bnha and a sks in a garden
a photo of a bnha and a sks in a garden
a photo of a bnha and a sks in a garden
a photo of a bnha and a sks in a garden
a photo of a bnha and a sks in a garden
a photo of a bnha and a sks in a garden
a photo of a bnha and a sks in a garden
a photo of a bnha and a sks in a garden
a photo of a bnha and a sks in a garden
a photo of a bnha and a sks in a garden
a photo of a bnha and a sks in a garden
a photo of a bnha and a sks in a garden
a photo of a bnha and a sks in a garden
a photo of a bnha and a sks in a garden
a photo of a bnha and a sks in a garden
a photo of a bnha and a sks in a garden
a photo of a bnha and a sks in a garden
a photo of a bnha and a sks in a garden
azimuth = 0.2222222222222222
a photo of a bnha and a sks in a garden
a photo of a bnha and a sks in a garden
a photo of a bnha and a sks in a garden
a photo of a bnha and a sks in a garden
a photo of a bnha and a sks in a garden
a photo of a bnha and a sks in a garden
a photo of a bnha and a sks in a garden
a photo of a bnha and a sks in a garden
a photo of a bnha and a sks in a garden
a photo of a bnha and a sks in a garden
a photo of a bnha and a sks in a garden
a photo of a bnha and a sks in a garden
a photo of a bnha and a sks in a garden
a photo of a bnha and a sks in a garden
a photo of a bnha and a sks in a garden
a photo of a bnha and a sks in a garden
a photo of a bnha and a sks in a garden
a photo of a bnha and a sks in a garden
a photo of a bnha and a sks in a garden
a photo of a bnha and a sks in a garden
a photo of a bnha and a sks in a garden
a photo of a bnha and a sks in a garden
a photo of a bnha and a sks in a garden
azimuth = 0.2777777777777778
a photo of a bnha and a sks in a garden
a photo of a bnha and a sks in a garden
a photo of a bnha and a sks in a garden
a photo of a bnha and a sks in a garden
a photo of a bnha and a sks in a garden
a photo of a bnha and a sks in a garden
a photo of a bnha and a sks in a garden
a photo of a bnha and a sks in a garden
a photo of a bnha and a sks in a garden
a photo of a bnha and a sks in a garden
a photo of a bnha and a sks in a garden
a photo of a bnha and a sks in a garden
a photo of a bnha and a sks in a garden
a photo of a bnha and a sks in a garden
a photo of a bnha and a sks in a garden
a photo of a bnha and a sks in a garden
a photo of a bnha and a sks in a garden
a photo of a bnha and a sks in a garden
a photo of a bnha and a sks in a garden
a photo of a bnha and a sks in a garden
a photo of a bnha and a sks in a garden
a photo of a bnha and a sks in a garden
a photo of a bnha and a sks in a garden
azimuth = 0.3333333333333333
a photo of a bnha and a sks in a garden
a photo of a bnha and a sks in a garden
a photo of a bnha and a sks in a garden
a photo of a bnha and a sks in a garden
a photo of a bnha and a sks in a garden
a photo of a bnha and a sks in a garden
a photo of a bnha and a sks in a garden
a photo of a bnha and a sks in a garden
a photo of a bnha and a sks in a garden
a photo of a bnha and a sks in a garden
a photo of a bnha and a sks in a garden
a photo of a bnha and a sks in a garden
a photo of a bnha and a sks in a garden
a photo of a bnha and a sks in a garden
a photo of a bnha and a sks in a garden
a photo of a bnha and a sks in a garden
a photo of a bnha and a sks in a garden
a photo of a bnha and a sks in a garden
a photo of a bnha and a sks in a garden
a photo of a bnha and a sks in a garden
a photo of a bnha and a sks in a garden
a photo of a bnha and a sks in a garden
a photo of a bnha and a sks in a garden
a photo of a bnha and a sks in a garden
azimuth = 0.3888888888888889
a photo of a bnha and a sks in a garden
a photo of a bnha and a sks in a garden
a photo of a bnha and a sks in a garden
a photo of a bnha and a sks in a garden
a photo of a bnha and a sks in a garden
a photo of a bnha and a sks in a garden
a photo of a bnha and a sks in a garden
a photo of a bnha and a sks in a garden
a photo of a bnha and a sks in a garden
a photo of a bnha and a sks in a garden
a photo of a bnha and a sks in a garden
a photo of a bnha and a sks in a garden
a photo of a bnha and a sks in a garden
a photo of a bnha and a sks in a garden
a photo of a bnha and a sks in a garden
a photo of a bnha and a sks in a garden
a photo of a bnha and a sks in a garden
a photo of a bnha and a sks in a garden
a photo of a bnha and a sks in a garden
a photo of a bnha and a sks in a garden
a photo of a bnha and a sks in a garden
a photo of a bnha and a sks in a garden
a photo of a bnha and a sks in a garden
a photo of a bnha and a sks in a garden
azimuth = 0.4444444444444444
a photo of a bnha and a sks in a garden
a photo of a bnha and a sks in a garden
a photo of a bnha and a sks in a garden
a photo of a bnha and a sks in a garden
a photo of a bnha and a sks in a garden
a photo of a bnha and a sks in a garden
a photo of a bnha and a sks in a garden
a photo of a bnha and a sks in a garden
a photo of a bnha and a sks in a garden
a photo of a bnha and a sks in a garden
a photo of a bnha and a sks in a garden
a photo of a bnha and a sks in a garden
a photo of a bnha and a sks in a garden
a photo of a bnha and a sks in a garden
a photo of a bnha and a sks in a garden
a photo of a bnha and a sks in a garden
a photo of a bnha and a sks in a garden
a photo of a bnha and a sks in a garden
a photo of a bnha and a sks in a garden
a photo of a bnha and a sks in a garden
a photo of a bnha and a sks in a garden
a photo of a bnha and a sks in a garden
a photo of a bnha and a sks in a garden
azimuth = 0.5
a photo of a bnha and a sks in a garden
a photo of a bnha and a sks in a garden
a photo of a bnha and a sks in a garden
a photo of a bnha and a sks in a garden
a photo of a bnha and a sks in a garden
a photo of a bnha and a sks in a garden
a photo of a bnha and a sks in a garden
a photo of a bnha and a sks in a garden
a photo of a bnha and a sks in a garden
a photo of a bnha and a sks in a garden
a photo of a bnha and a sks in a garden
a photo of a bnha and a sks in a garden
a photo of a bnha and a sks in a garden
a photo of a bnha and a sks in a garden
a photo of a bnha and a sks in a garden
a photo of a bnha and a sks in a garden
a photo of a bnha and a sks in a garden
a photo of a bnha and a sks in a garden
a photo of a bnha and a sks in a garden
a photo of a bnha and a sks in a garden
a photo of a bnha and a sks in a garden
a photo of a bnha and a sks in a garden
a photo of a bnha and a sks in a garden
a photo of a bnha and a sks in a garden
azimuth = 0.5555555555555556
a photo of a bnha and a sks in a garden
a photo of a bnha and a sks in a garden
a photo of a bnha and a sks in a garden
a photo of a bnha and a sks in a garden
a photo of a bnha and a sks in a garden
a photo of a bnha and a sks in a garden
a photo of a bnha and a sks in a garden
a photo of a bnha and a sks in a garden
a photo of a bnha and a sks in a garden
a photo of a bnha and a sks in a garden
a photo of a bnha and a sks in a garden
a photo of a bnha and a sks in a garden
a photo of a bnha and a sks in a garden
a photo of a bnha and a sks in a garden
a photo of a bnha and a sks in a garden
a photo of a bnha and a sks in a garden
a photo of a bnha and a sks in a garden
a photo of a bnha and a sks in a garden
a photo of a bnha and a sks in a garden
a photo of a bnha and a sks in a garden
a photo of a bnha and a sks in a garden
a photo of a bnha and a sks in a garden
a photo of a bnha and a sks in a garden
azimuth = 0.6111111111111112
a photo of a bnha and a sks in a garden
a photo of a bnha and a sks in a garden
a photo of a bnha and a sks in a garden
a photo of a bnha and a sks in a garden
a photo of a bnha and a sks in a garden
a photo of a bnha and a sks in a garden
a photo of a bnha and a sks in a garden
a photo of a bnha and a sks in a garden
a photo of a bnha and a sks in a garden
a photo of a bnha and a sks in a garden
a photo of a bnha and a sks in a garden
a photo of a bnha and a sks in a garden
a photo of a bnha and a sks in a garden
a photo of a bnha and a sks in a garden
a photo of a bnha and a sks in a garden
a photo of a bnha and a sks in a garden
a photo of a bnha and a sks in a garden
a photo of a bnha and a sks in a garden
a photo of a bnha and a sks in a garden
a photo of a bnha and a sks in a garden
a photo of a bnha and a sks in a garden
a photo of a bnha and a sks in a garden
azimuth = 0.6666666666666666
a photo of a bnha and a sks in a garden
a photo of a bnha and a sks in a garden
a photo of a bnha and a sks in a garden
a photo of a bnha and a sks in a garden
a photo of a bnha and a sks in a garden
a photo of a bnha and a sks in a garden
a photo of a bnha and a sks in a garden
a photo of a bnha and a sks in a garden
a photo of a bnha and a sks in a garden
azimuth = 0.7222222222222222
a photo of a bnha and a sks in a garden
a photo of a bnha and a sks in a garden
a photo of a bnha and a sks in a garden
azimuth = 0.7777777777777778
a photo of a bnha and a sks in a garden
a photo of a bnha and a sks in a garden
a photo of a bnha and a sks in a garden
azimuth = 0.8333333333333334
a photo of a bnha and a sks in a garden
a photo of a bnha and a sks in a garden
a photo of a bnha and a sks in a garden
azimuth = 0.8888888888888888
a photo of a bnha and a sks in a garden
a photo of a bnha and a sks in a garden
a photo of a bnha and a sks in a garden
azimuth = 0.9444444444444444
a photo of a bnha and a sks in a garden
a photo of a bnha and a sks in a garden
a photo of a bnha and a sks in a garden
every thread finished generating the encoder hidden states...
every thread finished preparing their dataloaders...
starting generation...
4 is doing ['tmp/bnha_dog/010.jpg', 'tmp/bnha_jeep/011.jpg', 'tmp/bnha_cat/011.jpg', 'tmp/bnha_dog/011.jpg', 'tmp/bnha_jeep/012.jpg', 'tmp/bnha_cat/012.jpg', 'tmp/bnha_dog/012.jpg', 'tmp/bnha_jeep/013.jpg']
0 is doing ['tmp/bnha_jeep/000.jpg', 'tmp/bnha_cat/000.jpg', 'tmp/bnha_dog/000.jpg', 'tmp/bnha_jeep/001.jpg', 'tmp/bnha_cat/001.jpg', 'tmp/bnha_dog/001.jpg', 'tmp/bnha_jeep/002.jpg', 'tmp/bnha_cat/002.jpg']
2 is doing ['tmp/bnha_cat/005.jpg', 'tmp/bnha_dog/005.jpg', 'tmp/bnha_jeep/006.jpg', 'tmp/bnha_cat/006.jpg', 'tmp/bnha_dog/006.jpg', 'tmp/bnha_jeep/007.jpg', 'tmp/bnha_cat/007.jpg', 'tmp/bnha_dog/007.jpg']
7 is doing ['tmp/bnha_dog/000.jpg', 'tmp/bnha_jeep/001.jpg', 'tmp/bnha_cat/001.jpg', 'tmp/bnha_dog/001.jpg', 'tmp/bnha_jeep/002.jpg', 'tmp/bnha_cat/002.jpg', 'tmp/bnha_dog/002.jpg', 'tmp/bnha_jeep/003.jpg']3 is doing ['tmp/bnha_jeep/008.jpg', 'tmp/bnha_cat/008.jpg', 'tmp/bnha_dog/008.jpg', 'tmp/bnha_jeep/009.jpg', 'tmp/bnha_cat/009.jpg', 'tmp/bnha_dog/009.jpg', 'tmp/bnha_jeep/010.jpg', 'tmp/bnha_cat/010.jpg']

6 is doing ['tmp/bnha_jeep/016.jpg', 'tmp/bnha_cat/016.jpg', 'tmp/bnha_dog/016.jpg', 'tmp/bnha_jeep/017.jpg', 'tmp/bnha_cat/017.jpg', 'tmp/bnha_dog/017.jpg', 'tmp/bnha_jeep/000.jpg', 'tmp/bnha_cat/000.jpg']
1 is doing ['tmp/bnha_dog/002.jpg', 'tmp/bnha_jeep/003.jpg', 'tmp/bnha_cat/003.jpg', 'tmp/bnha_dog/003.jpg', 'tmp/bnha_jeep/004.jpg', 'tmp/bnha_cat/004.jpg', 'tmp/bnha_dog/004.jpg', 'tmp/bnha_jeep/005.jpg']
5 is doing ['tmp/bnha_cat/013.jpg', 'tmp/bnha_dog/013.jpg', 'tmp/bnha_jeep/014.jpg', 'tmp/bnha_cat/014.jpg', 'tmp/bnha_dog/014.jpg', 'tmp/bnha_jeep/015.jpg', 'tmp/bnha_cat/015.jpg', 'tmp/bnha_dog/015.jpg']
every thread finished their generation, now collecting them to form a gif...
removing tmp
a photo of a bnha and a sks in a gardena photo of a bnha and a sks in a garden

a photo of a bnha and a sks in a gardena photo of a bnha and a sks in a garden

a photo of a bnha and a sks in a garden
a photo of a bnha and a sks in a garden
a photo of a bnha and a sks in a garden
a photo of a bnha and a sks in a garden
a photo of a bnha and a sks in a garden
a photo of a bnha and a sks in a garden
a photo of a bnha and a sks in a garden
a photo of a bnha and a sks in a garden
a photo of a bnha and a sks in a garden
a photo of a bnha and a sks in a garden
a photo of a bnha and a sks in a garden
a photo of a bnha and a sks in a garden
a photo of a bnha and a sks in a garden
a photo of a bnha and a sks in a garden
a photo of a bnha and a sks in a garden
a photo of a bnha and a sks in a garden
a photo of a bnha and a sks in a garden
a photo of a bnha and a sks in a garden
a photo of a bnha and a sks in a garden
a photo of a bnha and a sks in a garden
a photo of a bnha and a sks in a garden
a photo of a bnha and a sks in a garden
a photo of a bnha and a sks in a garden
a photo of a bnha and a sks in a garden
a photo of a bnha and a sks in a garden
a photo of a bnha and a sks in a garden
a photo of a bnha and a sks in a garden
a photo of a bnha and a sks in a garden
a photo of a bnha and a sks in a garden
a photo of a bnha and a sks in a garden
a photo of a bnha and a sks in a garden
a photo of a bnha and a sks in a garden
a photo of a bnha and a sks in a garden
a photo of a bnha and a sks in a garden
a photo of a bnha and a sks in a garden
a photo of a bnha and a sks in a garden
a photo of a bnha and a sks in a garden
a photo of a bnha and a sks in a garden
a photo of a bnha and a sks in a garden
a photo of a bnha and a sks in a garden
a photo of a bnha and a sks in a garden
a photo of a bnha and a sks in a garden
a photo of a bnha and a sks in a garden
a photo of a bnha and a sks in a garden
a photo of a bnha and a sks in a garden
a photo of a bnha and a sks in a garden
a photo of a bnha and a sks in a garden
a photo of a bnha and a sks in a garden
a photo of a bnha and a sks in a garden
a photo of a bnha and a sks in a garden
a photo of a bnha and a sks in a garden
a photo of a bnha and a sks in a garden
a photo of a bnha and a sks in a garden
a photo of a bnha and a sks in a garden
a photo of a bnha and a sks in a garden
a photo of a bnha and a sks in a garden
a photo of a bnha and a sks in a garden
a photo of a bnha and a sks in a garden
a photo of a bnha and a sks in a garden
a photo of a bnha and a sks in a garden
a photo of a bnha and a sks in a garden
a photo of a bnha and a sks in a garden
a photo of a bnha and a sks in a garden
a photo of a bnha and a sks in a garden
a photo of a bnha and a sks in a garden
a photo of a bnha and a sks in a garden
a photo of a bnha and a sks in a garden
a photo of a bnha and a sks in a garden
a photo of a bnha and a sks in a garden
a photo of a bnha and a sks in a garden
a photo of a bnha and a sks in a garden
a photo of a bnha and a sks in a garden
a photo of a bnha and a sks in a garden
a photo of a bnha and a sks in a garden
a photo of a bnha and a sks in a garden
a photo of a bnha and a sks in a garden
a photo of a bnha and a sks in a garden
a photo of a bnha and a sks in a garden
a photo of a bnha and a sks in a garden
a photo of a bnha and a sks in a garden
a photo of a bnha and a sks in a garden
a photo of a bnha and a sks in a garden
a photo of a bnha and a sks in a garden
a photo of a bnha and a sks in a garden
a photo of a bnha and a sks in a garden
a photo of a bnha and a sks in a garden
a photo of a bnha and a sks in a garden
a photo of a bnha and a sks in a garden
a photo of a bnha and a sks in a garden
a photo of a bnha and a sks in a garden
a photo of a bnha and a sks in a garden
a photo of a bnha and a sks in a garden
a photo of a bnha and a sks in a garden
a photo of a bnha and a sks in a garden
a photo of a bnha and a sks in a garden
a photo of a bnha and a sks in a garden
a photo of a bnha and a sks in a garden
a photo of a bnha and a sks in a garden
a photo of a bnha and a sks in a garden
a photo of a bnha and a sks in a garden
a photo of a bnha and a sks in a garden
a photo of a bnha and a sks in a garden
a photo of a bnha and a sks in a garden
azimuth = 0.0
a photo of a bnha and a sks in a garden
a photo of a bnha and a sks in a garden
a photo of a bnha and a sks in a garden
a photo of a bnha and a sks in a garden
a photo of a bnha and a sks in a garden
a photo of a bnha and a sks in a garden
a photo of a bnha and a sks in a garden
a photo of a bnha and a sks in a garden
a photo of a bnha and a sks in a garden
a photo of a bnha and a sks in a garden
a photo of a bnha and a sks in a garden
a photo of a bnha and a sks in a garden
a photo of a bnha and a sks in a garden
a photo of a bnha and a sks in a garden
a photo of a bnha and a sks in a garden
a photo of a bnha and a sks in a garden
a photo of a bnha and a sks in a garden
a photo of a bnha and a sks in a garden
a photo of a bnha and a sks in a garden
a photo of a bnha and a sks in a garden
a photo of a bnha and a sks in a garden
a photo of a bnha and a sks in a garden
a photo of a bnha and a sks in a garden
a photo of a bnha and a sks in a garden
a photo of a bnha and a sks in a garden
a photo of a bnha and a sks in a garden
a photo of a bnha and a sks in a garden
a photo of a bnha and a sks in a garden
a photo of a bnha and a sks in a garden
a photo of a bnha and a sks in a garden
a photo of a bnha and a sks in a garden
a photo of a bnha and a sks in a garden
azimuth = 0.05555555555555555
a photo of a bnha and a sks in a garden
a photo of a bnha and a sks in a garden
a photo of a bnha and a sks in a garden
a photo of a bnha and a sks in a garden
a photo of a bnha and a sks in a garden
a photo of a bnha and a sks in a garden
a photo of a bnha and a sks in a garden
a photo of a bnha and a sks in a garden
a photo of a bnha and a sks in a garden
a photo of a bnha and a sks in a garden
a photo of a bnha and a sks in a garden
a photo of a bnha and a sks in a garden
a photo of a bnha and a sks in a garden
a photo of a bnha and a sks in a garden
a photo of a bnha and a sks in a garden
a photo of a bnha and a sks in a garden
a photo of a bnha and a sks in a garden
a photo of a bnha and a sks in a garden
a photo of a bnha and a sks in a garden
a photo of a bnha and a sks in a garden
a photo of a bnha and a sks in a garden
a photo of a bnha and a sks in a garden
a photo of a bnha and a sks in a garden
azimuth = 0.1111111111111111a photo of a bnha and a sks in a garden

a photo of a bnha and a sks in a garden
a photo of a bnha and a sks in a garden
a photo of a bnha and a sks in a garden
a photo of a bnha and a sks in a garden
a photo of a bnha and a sks in a garden
a photo of a bnha and a sks in a garden
a photo of a bnha and a sks in a garden
a photo of a bnha and a sks in a garden
a photo of a bnha and a sks in a garden
a photo of a bnha and a sks in a garden
a photo of a bnha and a sks in a garden
a photo of a bnha and a sks in a garden
a photo of a bnha and a sks in a garden
a photo of a bnha and a sks in a garden
a photo of a bnha and a sks in a garden
a photo of a bnha and a sks in a garden
a photo of a bnha and a sks in a garden
a photo of a bnha and a sks in a garden
a photo of a bnha and a sks in a garden
a photo of a bnha and a sks in a garden
a photo of a bnha and a sks in a garden
a photo of a bnha and a sks in a garden
a photo of a bnha and a sks in a garden
azimuth = 0.16666666666666666
a photo of a bnha and a sks in a garden
a photo of a bnha and a sks in a garden
a photo of a bnha and a sks in a garden
a photo of a bnha and a sks in a garden
a photo of a bnha and a sks in a garden
a photo of a bnha and a sks in a garden
a photo of a bnha and a sks in a garden
a photo of a bnha and a sks in a garden
a photo of a bnha and a sks in a garden
a photo of a bnha and a sks in a garden
a photo of a bnha and a sks in a garden
a photo of a bnha and a sks in a garden
a photo of a bnha and a sks in a garden
a photo of a bnha and a sks in a garden
a photo of a bnha and a sks in a garden
a photo of a bnha and a sks in a garden
a photo of a bnha and a sks in a garden
a photo of a bnha and a sks in a garden
a photo of a bnha and a sks in a garden
a photo of a bnha and a sks in a garden
a photo of a bnha and a sks in a garden
a photo of a bnha and a sks in a garden
a photo of a bnha and a sks in a garden
a photo of a bnha and a sks in a garden
azimuth = 0.2222222222222222
a photo of a bnha and a sks in a garden
a photo of a bnha and a sks in a garden
a photo of a bnha and a sks in a garden
a photo of a bnha and a sks in a garden
a photo of a bnha and a sks in a garden
a photo of a bnha and a sks in a garden
a photo of a bnha and a sks in a garden
a photo of a bnha and a sks in a garden
a photo of a bnha and a sks in a garden
a photo of a bnha and a sks in a garden
a photo of a bnha and a sks in a garden
a photo of a bnha and a sks in a garden
a photo of a bnha and a sks in a garden
a photo of a bnha and a sks in a garden
a photo of a bnha and a sks in a garden
a photo of a bnha and a sks in a garden
a photo of a bnha and a sks in a garden
a photo of a bnha and a sks in a garden
a photo of a bnha and a sks in a garden
a photo of a bnha and a sks in a garden
a photo of a bnha and a sks in a garden
a photo of a bnha and a sks in a garden
a photo of a bnha and a sks in a garden
a photo of a bnha and a sks in a garden
azimuth = 0.2777777777777778
a photo of a bnha and a sks in a garden
a photo of a bnha and a sks in a garden
a photo of a bnha and a sks in a garden
a photo of a bnha and a sks in a garden
a photo of a bnha and a sks in a garden
a photo of a bnha and a sks in a garden
a photo of a bnha and a sks in a garden
a photo of a bnha and a sks in a garden
a photo of a bnha and a sks in a garden
a photo of a bnha and a sks in a garden
a photo of a bnha and a sks in a garden
a photo of a bnha and a sks in a garden
a photo of a bnha and a sks in a garden
a photo of a bnha and a sks in a garden
a photo of a bnha and a sks in a garden
a photo of a bnha and a sks in a garden
a photo of a bnha and a sks in a garden
a photo of a bnha and a sks in a garden
a photo of a bnha and a sks in a garden
a photo of a bnha and a sks in a garden
a photo of a bnha and a sks in a garden
a photo of a bnha and a sks in a garden
a photo of a bnha and a sks in a garden
azimuth = 0.3333333333333333
a photo of a bnha and a sks in a garden
a photo of a bnha and a sks in a garden
a photo of a bnha and a sks in a garden
a photo of a bnha and a sks in a garden
a photo of a bnha and a sks in a garden
a photo of a bnha and a sks in a garden
a photo of a bnha and a sks in a garden
a photo of a bnha and a sks in a garden
a photo of a bnha and a sks in a garden
a photo of a bnha and a sks in a garden
a photo of a bnha and a sks in a garden
a photo of a bnha and a sks in a garden
a photo of a bnha and a sks in a garden
a photo of a bnha and a sks in a garden
a photo of a bnha and a sks in a garden
a photo of a bnha and a sks in a garden
a photo of a bnha and a sks in a garden
a photo of a bnha and a sks in a garden
a photo of a bnha and a sks in a garden
a photo of a bnha and a sks in a garden
a photo of a bnha and a sks in a garden
a photo of a bnha and a sks in a garden
a photo of a bnha and a sks in a garden
a photo of a bnha and a sks in a garden
azimuth = 0.3888888888888889
a photo of a bnha and a sks in a garden
a photo of a bnha and a sks in a garden
a photo of a bnha and a sks in a garden
a photo of a bnha and a sks in a garden
a photo of a bnha and a sks in a garden
a photo of a bnha and a sks in a garden
a photo of a bnha and a sks in a garden
a photo of a bnha and a sks in a garden
a photo of a bnha and a sks in a garden
a photo of a bnha and a sks in a garden
a photo of a bnha and a sks in a garden
a photo of a bnha and a sks in a garden
a photo of a bnha and a sks in a garden
a photo of a bnha and a sks in a garden
a photo of a bnha and a sks in a garden
a photo of a bnha and a sks in a garden
a photo of a bnha and a sks in a garden
a photo of a bnha and a sks in a garden
a photo of a bnha and a sks in a garden
a photo of a bnha and a sks in a garden
a photo of a bnha and a sks in a garden
a photo of a bnha and a sks in a garden
a photo of a bnha and a sks in a garden
a photo of a bnha and a sks in a garden
azimuth = 0.4444444444444444
a photo of a bnha and a sks in a garden
a photo of a bnha and a sks in a garden
a photo of a bnha and a sks in a garden
a photo of a bnha and a sks in a garden
a photo of a bnha and a sks in a garden
a photo of a bnha and a sks in a garden
a photo of a bnha and a sks in a garden
a photo of a bnha and a sks in a garden
a photo of a bnha and a sks in a garden
a photo of a bnha and a sks in a garden
a photo of a bnha and a sks in a garden
a photo of a bnha and a sks in a garden
a photo of a bnha and a sks in a garden
a photo of a bnha and a sks in a garden
a photo of a bnha and a sks in a garden
a photo of a bnha and a sks in a garden
a photo of a bnha and a sks in a garden
a photo of a bnha and a sks in a garden
a photo of a bnha and a sks in a garden
a photo of a bnha and a sks in a garden
a photo of a bnha and a sks in a garden
a photo of a bnha and a sks in a garden
a photo of a bnha and a sks in a garden
a photo of a bnha and a sks in a garden
azimuth = 0.5
a photo of a bnha and a sks in a garden
a photo of a bnha and a sks in a garden
a photo of a bnha and a sks in a garden
a photo of a bnha and a sks in a garden
a photo of a bnha and a sks in a garden
a photo of a bnha and a sks in a garden
a photo of a bnha and a sks in a garden
a photo of a bnha and a sks in a garden
a photo of a bnha and a sks in a garden
a photo of a bnha and a sks in a garden
a photo of a bnha and a sks in a garden
a photo of a bnha and a sks in a garden
a photo of a bnha and a sks in a garden
a photo of a bnha and a sks in a garden
a photo of a bnha and a sks in a garden
a photo of a bnha and a sks in a garden
a photo of a bnha and a sks in a garden
a photo of a bnha and a sks in a garden
a photo of a bnha and a sks in a garden
a photo of a bnha and a sks in a garden
a photo of a bnha and a sks in a garden
a photo of a bnha and a sks in a garden
a photo of a bnha and a sks in a garden
a photo of a bnha and a sks in a garden
azimuth = 0.5555555555555556
a photo of a bnha and a sks in a garden
a photo of a bnha and a sks in a garden
a photo of a bnha and a sks in a garden
a photo of a bnha and a sks in a garden
a photo of a bnha and a sks in a garden
a photo of a bnha and a sks in a garden
a photo of a bnha and a sks in a garden
a photo of a bnha and a sks in a garden
a photo of a bnha and a sks in a garden
a photo of a bnha and a sks in a garden
a photo of a bnha and a sks in a garden
a photo of a bnha and a sks in a garden
a photo of a bnha and a sks in a garden
a photo of a bnha and a sks in a garden
a photo of a bnha and a sks in a garden
a photo of a bnha and a sks in a garden
a photo of a bnha and a sks in a garden
a photo of a bnha and a sks in a garden
a photo of a bnha and a sks in a garden
a photo of a bnha and a sks in a garden
a photo of a bnha and a sks in a garden
a photo of a bnha and a sks in a garden
a photo of a bnha and a sks in a garden
azimuth = 0.6111111111111112
a photo of a bnha and a sks in a garden
a photo of a bnha and a sks in a garden
a photo of a bnha and a sks in a garden
a photo of a bnha and a sks in a garden
a photo of a bnha and a sks in a garden
a photo of a bnha and a sks in a garden
a photo of a bnha and a sks in a garden
a photo of a bnha and a sks in a garden
a photo of a bnha and a sks in a garden
a photo of a bnha and a sks in a garden
a photo of a bnha and a sks in a garden
a photo of a bnha and a sks in a garden
a photo of a bnha and a sks in a garden
a photo of a bnha and a sks in a garden
a photo of a bnha and a sks in a garden
a photo of a bnha and a sks in a garden
a photo of a bnha and a sks in a garden
a photo of a bnha and a sks in a garden
a photo of a bnha and a sks in a garden
a photo of a bnha and a sks in a garden
a photo of a bnha and a sks in a garden
a photo of a bnha and a sks in a garden
a photo of a bnha and a sks in a garden
a photo of a bnha and a sks in a garden
azimuth = 0.6666666666666666
a photo of a bnha and a sks in a garden
a photo of a bnha and a sks in a garden
a photo of a bnha and a sks in a garden
a photo of a bnha and a sks in a garden
a photo of a bnha and a sks in a garden
a photo of a bnha and a sks in a garden
a photo of a bnha and a sks in a garden
a photo of a bnha and a sks in a garden
a photo of a bnha and a sks in a garden
a photo of a bnha and a sks in a garden
a photo of a bnha and a sks in a garden
a photo of a bnha and a sks in a garden
a photo of a bnha and a sks in a garden
a photo of a bnha and a sks in a garden
a photo of a bnha and a sks in a garden
a photo of a bnha and a sks in a garden
a photo of a bnha and a sks in a garden
azimuth = 0.7222222222222222
a photo of a bnha and a sks in a garden
a photo of a bnha and a sks in a garden
a photo of a bnha and a sks in a garden
azimuth = 0.7777777777777778
a photo of a bnha and a sks in a garden
a photo of a bnha and a sks in a garden
a photo of a bnha and a sks in a garden
azimuth = 0.8333333333333334
a photo of a bnha and a sks in a garden
a photo of a bnha and a sks in a garden
a photo of a bnha and a sks in a garden
azimuth = 0.8888888888888888
a photo of a bnha and a sks in a garden
a photo of a bnha and a sks in a garden
a photo of a bnha and a sks in a garden
azimuth = 0.9444444444444444
a photo of a bnha and a sks in a garden
a photo of a bnha and a sks in a garden
a photo of a bnha and a sks in a garden
every thread finished generating the encoder hidden states...
every thread finished preparing their dataloaders...
starting generation...
3 is doing ['tmp/bnha_jeep/008.jpg', 'tmp/bnha_cat/008.jpg', 'tmp/bnha_dog/008.jpg', 'tmp/bnha_jeep/009.jpg', 'tmp/bnha_cat/009.jpg', 'tmp/bnha_dog/009.jpg', 'tmp/bnha_jeep/010.jpg', 'tmp/bnha_cat/010.jpg']
2 is doing ['tmp/bnha_cat/005.jpg', 'tmp/bnha_dog/005.jpg', 'tmp/bnha_jeep/006.jpg', 'tmp/bnha_cat/006.jpg', 'tmp/bnha_dog/006.jpg', 'tmp/bnha_jeep/007.jpg', 'tmp/bnha_cat/007.jpg', 'tmp/bnha_dog/007.jpg']
7 is doing ['tmp/bnha_dog/000.jpg', 'tmp/bnha_jeep/001.jpg', 'tmp/bnha_cat/001.jpg', 'tmp/bnha_dog/001.jpg', 'tmp/bnha_jeep/002.jpg', 'tmp/bnha_cat/002.jpg', 'tmp/bnha_dog/002.jpg', 'tmp/bnha_jeep/003.jpg']
1 is doing ['tmp/bnha_dog/002.jpg', 'tmp/bnha_jeep/003.jpg', 'tmp/bnha_cat/003.jpg', 'tmp/bnha_dog/003.jpg', 'tmp/bnha_jeep/004.jpg', 'tmp/bnha_cat/004.jpg', 'tmp/bnha_dog/004.jpg', 'tmp/bnha_jeep/005.jpg']
0 is doing ['tmp/bnha_jeep/000.jpg', 'tmp/bnha_cat/000.jpg', 'tmp/bnha_dog/000.jpg', 'tmp/bnha_jeep/001.jpg', 'tmp/bnha_cat/001.jpg', 'tmp/bnha_dog/001.jpg', 'tmp/bnha_jeep/002.jpg', 'tmp/bnha_cat/002.jpg']
4 is doing ['tmp/bnha_dog/010.jpg', 'tmp/bnha_jeep/011.jpg', 'tmp/bnha_cat/011.jpg', 'tmp/bnha_dog/011.jpg', 'tmp/bnha_jeep/012.jpg', 'tmp/bnha_cat/012.jpg', 'tmp/bnha_dog/012.jpg', 'tmp/bnha_jeep/013.jpg']
6 is doing ['tmp/bnha_jeep/016.jpg', 'tmp/bnha_cat/016.jpg', 'tmp/bnha_dog/016.jpg', 'tmp/bnha_jeep/017.jpg', 'tmp/bnha_cat/017.jpg', 'tmp/bnha_dog/017.jpg', 'tmp/bnha_jeep/000.jpg', 'tmp/bnha_cat/000.jpg']
5 is doing ['tmp/bnha_cat/013.jpg', 'tmp/bnha_dog/013.jpg', 'tmp/bnha_jeep/014.jpg', 'tmp/bnha_cat/014.jpg', 'tmp/bnha_dog/014.jpg', 'tmp/bnha_jeep/015.jpg', 'tmp/bnha_cat/015.jpg', 'tmp/bnha_dog/015.jpg']
every thread finished their generation, now collecting them to form a gif...
removing tmp
